0.224802 -481
0.424704 -480
0.624698 -479
0.824702 -478
1.0247 -477
1.22471 -476
1.42471 -475
1.62467 -474
1.82466 -473
2.02475 -472
2.22467 -471
2.4247 -470
2.6247 -469
2.8247 -468
3.0247 -467
3.22472 -466
3.4247 -465
3.62473 -464
3.82467 -463
4.02466 -462
4.22468 -461
4.42471 -460
4.6247 -459
4.82469 -458
5.02471 -457
5.2247 -456
5.4247 -455
5.6247 -454
5.8247 -453
6.02471 -452
6.2247 -451
6.4247 -450
6.6247 -449
6.8247 -448
7.02471 -447
7.22471 -446
7.4247 -445
7.62471 -444
7.82471 -443
8.02471 -442
8.22472 -441
8.42471 -440
8.62471 -439
8.82472 -438
9.02471 -437
9.22471 -436
9.42467 -435
9.62471 -434
9.82473 -433
10.0247 -432
10.2247 -431
10.4247 -430
10.6247 -429
10.8247 -428
11.0247 -427
11.2247 -426
11.4247 -425
11.6247 -424
11.8247 -423
12.0247 -422
12.2247 -421
12.4247 -420
12.6247 -419
12.8247 -418
13.0247 -417
13.2247 -416
13.4247 -415
13.6247 -414
13.8247 -413
14.0247 -412
14.2247 -411
14.4247 -410
14.6246 -409
14.8247 -408
15.0247 -407
15.2247 -406
15.4247 -405
15.6247 -404
15.8247 -403
16.0248 -402
16.2247 -401
16.4247 -400
16.6247 -399
16.8247 -398
17.0247 -397
17.2247 -396
17.4247 -395
17.6247 -394
17.8247 -393
18.0247 -392
18.2247 -391
18.4247 -390
18.6247 -389
18.8247 -388
19.0247 -387
19.2247 -386
19.4247 -385
19.6247 -384
19.8247 -383
20.0247 -382
20.2247 -381
20.4247 -380
20.6247 -379
20.8247 -378
21.0247 -377
21.2247 -376
21.4247 -375
21.6247 -374
21.8247 -373
22.0247 -372
22.2247 -371
22.4247 -370
22.6247 -369
22.8247 -368
23.0247 -367
23.2247 -366
23.4247 -365
23.6247 -364
23.8247 -363
24.0247 -362
24.2247 -361
24.4247 -360
24.6247 -359
24.8247 -358
25.0247 -357
25.2247 -356
25.4247 -355
25.6247 -354
25.8247 -353
26.0247 -352
26.2247 -351
26.4247 -350
26.6247 -349
26.8247 -348
27.0247 -347
27.2247 -346
27.4247 -345
27.6247 -344
27.8248 -343
28.0247 -342
28.2247 -341
28.4247 -340
28.6247 -339
28.8247 -338
29.0247 -337
29.2247 -336
29.4247 -335
29.6247 -334
29.8247 -333
30.0247 -332
30.2247 -331
30.4247 -330
30.6247 -329
30.8247 -328
31.0247 -327
31.2247 -326
31.4247 -325
31.6247 -324
31.8247 -323
32.0247 -322
32.2247 -321
32.4248 -320
32.6247 -319
32.8247 -318
33.0247 -317
33.2247 -316
33.4247 -315
33.6247 -314
33.8247 -313
34.0247 -312
34.2247 -311
34.4247 -310
34.6247 -309
34.8247 -308
35.0247 -307
35.2247 -306
35.4247 -305
35.6247 -304
35.8247 -303
36.0247 -302
36.2247 -301
36.4247 -300
36.6247 -299
36.8247 -298
37.0247 -297
37.2247 -296
37.4247 -295
37.6247 -294
37.8247 -293
38.0247 -292
38.2247 -291
38.4247 -290
38.6247 -289
38.8247 -288
39.0248 -287
39.2247 -286
39.4247 -285
39.6247 -284
39.8247 -283
40.0247 -282
40.2247 -281
40.4247 -280
40.6247 -279
40.8247 -278
41.0247 -277
41.2247 -276
41.4247 -275
41.6247 -274
41.8247 -273
42.0247 -272
42.2247 -271
42.4247 -270
42.6247 -269
42.8247 -268
43.0247 -267
43.2247 -266
43.4247 -265
43.6247 -264
43.8247 -263
44.0247 -262
44.2247 -261
44.4247 -260
44.6247 -259
44.8247 -258
45.0247 -257
45.2247 -256
45.4247 -255
45.6247 -254
45.8247 -253
46.0247 -252
46.2247 -251
46.4247 -250
46.6247 -249
46.8247 -248
47.0247 -247
47.2247 -246
47.4247 -245
47.6247 -244
47.8247 -243
48.0247 -242
48.2247 -241
48.4247 -240
48.6247 -239
48.8247 -238
49.0247 -237
49.2247 -236
49.4247 -235
49.6247 -234
49.8247 -233
50.0247 -232
50.2247 -231
50.4247 -230
50.6247 -229
50.8247 -228
51.0247 -227
51.2247 -226
51.4247 -225
51.6247 -224
51.8247 -223
52.0247 -222
52.2247 -221
52.4247 -220
52.6247 -219
52.8247 -218
53.0247 -217
53.2247 -216
53.4247 -215
53.6247 -214
53.8247 -213
54.0247 -212
54.2247 -211
54.4247 -210
54.6247 -209
54.8247 -208
55.0247 -207
55.2247 -206
55.4248 -205
55.6247 -204
55.8247 -203
56.0247 -202
56.2247 -201
56.4247 -200
56.6247 -199
56.8247 -198
57.0247 -197
57.2247 -196
57.4247 -195
57.6247 -194
57.8247 -193
58.0247 -192
58.2247 -191
58.4247 -190
58.6247 -189
58.8247 -188
59.0247 -187
59.2247 -186
59.4247 -185
59.6247 -184
59.8247 -183
60.0247 -182
60.2247 -181
60.4247 -180
60.6247 -179
60.8247 -178
61.0247 -177
61.2247 -176
61.4247 -175
61.6247 -174
61.8247 -173
62.0247 -172
62.2247 -171
62.4247 -170
62.6247 -169
62.8247 -168
63.0247 -167
63.2247 -166
63.4247 -165
63.6247 -164
63.8247 -163
64.0247 -162
64.2247 -161
64.4247 -160
64.6247 -159
64.8252 -158
65.0247 -157
65.2247 -156
65.4247 -155
65.6247 -154
65.8247 -153
66.0247 -152
66.2247 -151
66.4247 -150
66.6247 -149
66.8247 -148
67.025 -147
67.2247 -146
67.4247 -145
67.6247 -144
67.8247 -143
68.025 -142
68.2247 -141
68.4247 -140
68.6247 -139
68.8247 -138
69.0247 -137
69.2247 -136
69.4247 -135
69.6247 -134
69.8247 -133
70.0247 -132
70.2247 -131
70.4247 -130
70.6247 -129
70.8247 -128
71.0247 -127
71.2247 -126
71.4247 -125
71.6247 -124
71.8247 -123
72.0247 -122
72.2247 -121
72.4247 -120
72.6247 -119
72.8247 -118
73.0247 -117
73.2247 -116
73.4247 -115
73.6247 -114
73.8247 -113
74.0247 -112
74.2247 -111
74.4247 -110
74.6247 -109
74.8247 -108
75.0247 -107
75.2247 -106
75.4247 -105
75.6247 -104
75.8247 -103
76.0247 -102
76.2247 -101
76.4247 -100
76.6247 -99
76.8247 -98
77.0247 -97
77.2247 -96
77.4247 -95
77.6247 -94
77.8247 -93
78.0247 -92
78.2247 -91
78.4247 -90
78.6247 -89
78.8247 -88
79.0247 -87
79.2247 -86
79.4247 -85
79.6247 -84
79.8247 -83
80.0247 -82
80.2247 -81
80.4247 -80
80.6247 -79
80.8247 -78
81.0247 -77
81.2247 -76
81.4247 -75
81.6247 -74
81.8247 -73
82.0247 -72
82.2247 -71
82.4247 -70
82.6247 -69
82.8247 -68
83.0247 -67
83.2247 -66
83.4247 -65
83.6247 -64
83.8247 -63
84.0247 -62
84.2247 -61
84.4247 -60
84.6247 -59
84.8247 -58
85.0247 -57
85.2247 -56
85.4247 -55
85.6247 -54
85.8247 -53
86.0247 -52
86.2247 -51
86.4247 -50
86.6247 -49
86.8247 -48
87.0247 -47
87.2247 -46
87.4248 -45
87.6247 -44
87.8247 -43
88.0247 -42
88.2247 -41
88.4247 -40
88.6247 -39
88.8248 -38
89.0247 -37
89.2247 -36
89.4247 -35
89.6247 -34
89.8247 -33
90.0247 -32
90.2247 -31
90.4247 -30
90.6247 -29
90.8247 -28
91.0247 -27
91.2247 -26
91.4247 -25
91.6247 -24
91.8247 -23
92.0247 -22
92.2247 -21
92.4247 -20
92.6247 -19
92.8247 -18
93.0247 -17
93.2247 -16
93.4247 -15
93.6247 -14
93.8247 -13
94.0247 -12
94.2247 -11
94.4247 -10
94.6247 -9
94.8247 -8
95.0247 -7
95.2247 -6
95.4247 -5
95.6247 -4
95.8247 -3
96.0247 -2
96.2247 -1
96.4247 0
96.6247 1
96.8247 2
97.0247 3
97.2247 4
97.4247 5
97.6247 6
97.8247 7
98.0247 8
98.2247 9
98.4247 10
98.6247 11
98.8247 12
99.0247 13
99.2247 14
99.4247 15
99.6247 16
99.8247 17
100.025 18
100.225 19
100.425 20
100.625 21
100.825 22
101.025 23
101.225 24
101.425 25
101.625 26
101.825 27
102.025 28
102.225 29
102.425 30
102.625 31
102.825 32
103.025 33
103.225 34
103.425 35
103.625 36
103.825 37
104.025 38
104.225 39
104.425 40
104.625 41
104.825 42
105.025 43
105.225 44
105.425 45
105.625 46
105.825 47
106.025 48
106.225 49
106.425 50
106.625 51
106.825 52
107.025 53
107.225 54
107.425 55
107.625 56
107.825 57
108.025 58
108.225 59
108.425 60
108.625 61
108.825 62
109.025 63
109.225 64
109.425 65
109.625 66
109.825 67
110.025 68
110.225 69
110.425 70
110.625 71
110.825 72
111.025 73
111.225 74
111.425 75
111.625 76
111.825 77
112.025 78
112.225 79
112.425 80
112.625 81
112.825 82
113.025 83
113.225 84
113.425 85
113.625 86
113.825 87
114.025 88
114.225 89
114.425 90
114.625 91
114.825 92
115.025 93
115.225 94
115.425 95
115.625 96
115.825 97
116.025 98
116.225 99
116.425 100
116.625 101
116.825 102
117.025 103
117.225 104
117.425 105
117.625 106
117.825 107
118.025 108
118.225 109
118.425 110
118.625 111
118.825 112
119.025 113
119.225 114
119.425 115
119.625 116
119.825 117
120.025 118
120.225 119
120.425 120
120.625 121
120.825 122
121.025 123
121.225 124
121.425 125
121.625 126
121.825 127
122.025 128
122.225 129
122.425 130
122.625 131
122.825 132
123.025 133
123.225 134
123.425 135
123.625 136
123.825 137
124.025 138
124.225 139
124.425 140
124.625 141
124.825 142
125.025 143
125.225 144
125.425 145
125.625 146
125.825 147
126.025 148
126.225 149
126.425 150
126.625 151
126.825 152
127.025 153
127.225 154
127.425 155
127.625 156
127.825 157
128.025 158
128.225 159
128.425 160
128.625 161
128.825 162
129.025 163
129.225 164
129.425 165
129.625 166
129.825 167
130.025 168
130.225 169
130.425 170
130.625 171
130.825 172
131.025 173
131.225 174
131.425 175
131.625 176
131.825 177
132.025 178
132.225 179
132.425 180
132.625 181
132.825 182
133.025 183
133.225 184
133.425 185
133.625 186
133.825 187
134.025 188
134.225 189
134.425 190
134.625 191
134.825 192
135.025 193
135.225 194
135.425 195
135.625 196
135.825 197
136.025 198
136.225 199
136.425 200
136.625 201
136.825 202
137.025 203
137.225 204
137.425 205
137.625 206
137.825 207
138.025 208
138.225 209
138.425 210
138.625 211
138.825 212
139.025 213
139.225 214
139.425 215
139.625 216
139.825 217
140.025 218
140.225 219
140.425 220
140.625 221
140.825 222
141.025 223
141.225 224
141.425 225
141.625 226
141.825 227
142.025 228
142.225 229
142.425 230
142.625 231
142.825 232
143.025 233
143.225 234
143.425 235
143.625 236
143.825 237
144.025 238
144.225 239
144.425 240
144.625 241
144.825 242
145.025 243
145.225 244
145.425 245
145.625 246
145.825 247
146.025 248
146.225 249
146.425 250
146.625 251
146.825 252
147.025 253
147.225 254
147.425 255
147.625 256
147.825 257
148.025 258
148.225 259
148.425 260
148.625 261
148.825 262
149.025 263
149.225 264
149.425 265
149.625 266
149.825 267
150.025 268
150.225 269
150.425 270
150.625 271
150.825 272
151.025 273
151.225 274
151.425 275
151.625 276
151.825 277
152.025 278
152.225 279
152.425 280
152.625 281
152.825 282
153.025 283
153.225 284
153.425 285
153.625 286
153.825 287
154.025 288
154.225 289
154.425 290
154.625 291
154.825 292
155.025 293
155.225 294
155.425 295
155.625 296
155.825 297
156.025 298
156.225 299
156.425 300
156.625 301
156.825 302
157.025 303
157.225 304
157.425 305
157.625 306
157.825 307
158.025 308
158.225 309
158.425 310
158.625 311
158.825 312
159.025 313
159.225 314
159.425 315
159.625 316
159.825 317
160.025 318
160.225 319
160.425 320
160.625 321
160.825 322
161.025 323
161.225 324
161.425 325
161.625 326
161.825 327
162.025 328
162.225 329
162.425 330
162.625 331
162.825 332
163.025 333
163.225 334
163.425 335
163.625 336
163.825 337
164.025 338
164.225 339
164.425 340
164.625 341
164.825 342
165.026 343
165.225 344
165.425 345
165.625 346
165.825 347
166.025 348
166.225 349
166.425 350
166.625 351
166.825 352
167.025 353
167.225 354
167.425 355
167.625 356
167.825 357
168.025 358
168.225 359
168.425 360
168.625 361
168.825 362
169.025 363
169.225 364
169.425 365
169.625 366
169.825 367
170.025 368
170.225 369
170.425 370
170.625 371
170.825 372
171.025 373
171.225 374
171.425 375
171.625 376
171.825 377
172.025 378
172.225 379
172.425 380
172.625 381
172.825 382
173.025 383
173.225 384
173.425 385
173.625 386
173.825 387
174.025 388
174.225 389
174.425 390
174.625 391
174.825 392
175.025 393
175.225 394
175.425 395
175.625 396
175.825 397
176.025 398
176.225 399
176.425 400
176.625 401
176.825 402
177.025 403
177.225 404
177.425 405
177.625 406
177.825 407
178.025 408
178.225 409
178.425 410
178.625 411
178.825 412
179.025 413
179.225 414
179.425 415
179.625 416
179.825 417
180.025 418
180.225 419
180.425 420
180.625 421
180.825 422
181.025 423
181.225 424
181.425 425
181.625 426
181.825 427
182.025 428
182.225 429
182.425 430
182.625 431
182.825 432
183.025 433
183.225 434
183.425 435
183.625 436
183.825 437
184.025 438
184.225 439
184.425 440
184.625 441
184.825 442
185.025 443
185.225 444
185.425 445
185.625 446
185.825 447
186.025 448
186.225 449
186.425 450
186.625 451
186.825 452
187.025 453
187.225 454
187.425 455
187.625 456
187.825 457
188.025 458
188.225 459
188.425 460
188.625 461
188.825 462
189.025 463
189.225 464
189.425 465
189.625 466
189.825 467
190.025 468
190.225 469
190.425 470
190.625 471
190.825 472
191.025 473
191.225 474
191.425 475
191.625 476
191.825 477
192.025 478
192.225 479
192.425 480
192.625 481
192.825 482
193.025 483
193.225 484
193.425 485
193.625 486
193.825 487
194.025 488
194.225 489
194.425 490
194.625 491
194.825 492
195.025 493
195.225 494
195.425 495
195.625 496
195.825 497
196.025 498
196.225 499
196.425 500
196.625 501
196.825 502
197.025 503
197.225 504
197.425 505
197.625 506
197.825 507
198.025 508
198.225 509
198.425 510
198.625 511
198.825 512
199.025 513
199.225 514
199.425 515
199.625 516
199.825 517
200.025 518
200.225 519
200.425 520
200.625 521
200.825 522
201.025 523
201.225 524
201.425 525
201.625 526
201.825 527
202.025 528
202.225 529
202.425 530
202.625 531
202.825 532
203.025 533
203.225 534
203.425 535
203.625 536
203.825 537
204.025 538
204.225 539
204.425 540
204.625 541
204.825 542
205.025 543
205.225 544
205.425 545
205.625 546
205.825 547
206.025 548
206.225 549
206.425 550
206.625 551
206.825 552
207.025 553
207.225 554
207.425 555
207.625 556
207.825 557
208.025 558
208.225 559
208.425 560
208.625 561
208.825 562
209.025 563
209.225 564
209.425 565
209.625 566
209.825 567
210.025 568
210.225 569
210.425 570
210.625 571
210.825 572
211.025 573
211.225 574
211.425 575
211.625 576
211.825 577
212.025 578
212.225 579
212.425 580
212.625 581
212.825 582
213.025 583
213.225 584
213.425 585
213.625 586
213.825 587
214.025 588
214.225 589
214.425 590
214.625 591
214.825 592
215.025 593
215.225 594
215.425 595
215.625 596
215.825 597
216.025 598
216.225 599
216.425 600
216.625 601
216.825 602
217.025 603
217.225 604
217.425 605
217.625 606
217.825 607
218.025 608
218.225 609
218.425 610
218.625 611
218.825 612
219.025 613
219.225 614
219.425 615
219.625 616
219.825 617
220.025 618
220.225 619
220.425 620
220.625 621
220.825 622
221.025 623
221.225 624
221.425 625
221.625 626
221.825 627
222.025 628
222.225 629
222.425 630
222.625 631
222.825 632
223.025 633
223.225 634
223.425 635
223.625 636
223.825 637
224.025 638
224.225 639
224.425 640
224.625 641
224.825 642
225.025 643
225.225 644
225.425 645
225.625 646
225.825 647
226.025 648
226.225 649
226.425 650
226.625 651
226.825 652
227.025 653
227.225 654
227.425 655
227.625 656
227.825 657
228.025 658
228.225 659
228.425 660
228.625 661
228.825 662
229.025 663
229.225 664
229.425 665
229.625 666
229.825 667
230.025 668
230.225 669
230.425 670
230.625 671
230.825 672
231.025 673
231.225 674
231.425 675
231.625 676
231.825 677
232.025 678
232.225 679
232.425 680
232.625 681
232.825 682
233.025 683
233.225 684
233.425 685
233.625 686
233.825 687
234.025 688
234.225 689
234.425 690
234.625 691
234.825 692
235.025 693
235.225 694
235.425 695
235.625 696
235.825 697
236.025 698
236.225 699
236.425 700
236.625 701
236.825 702
237.025 703
237.225 704
237.425 705
237.625 706
237.825 707
238.025 708
238.225 709
238.425 710
238.625 711
238.825 712
239.025 713
239.225 714
239.425 715
239.625 716
239.825 717
240.025 718
240.225 719
240.425 720
240.625 721
240.825 722
241.025 723
241.225 724
241.425 725
241.625 726
241.825 727
242.025 728
242.225 729
242.425 730
242.625 731
242.825 732
243.025 733
243.225 734
243.425 735
243.625 736
243.825 737
244.025 738
244.225 739
244.425 740
244.625 741
244.825 742
245.025 743
245.225 744
245.425 745
245.625 746
245.825 747
246.025 748
246.225 749
246.425 750
246.625 751
246.825 752
247.025 753
247.225 754
247.425 755
247.625 756
247.825 757
248.025 758
248.225 759
248.425 760
248.625 761
248.825 762
249.025 763
249.225 764
249.425 765
249.625 766
249.825 767
250.025 768
250.225 769
250.425 770
250.625 771
250.825 772
251.025 773
251.225 774
251.425 775
251.625 776
251.825 777
252.025 778
252.225 779
252.425 780
252.625 781
252.825 782
253.025 783
253.225 784
253.425 785
253.625 786
253.825 787
254.025 788
254.225 789
254.425 790
254.625 791
254.825 792
255.025 793
255.225 794
255.425 795
255.625 796
255.825 797
256.025 798
256.225 799
256.425 800
256.625 801
256.825 802
257.025 803
257.225 804
257.425 805
257.625 806
257.825 807
258.025 808
258.225 809
258.425 810
258.625 811
258.825 812
259.025 813
259.225 814
259.425 815
259.625 816
259.825 817
260.025 818
260.225 819
260.425 820
260.625 821
260.825 822
261.025 823
261.225 824
261.425 825
261.625 826
261.825 827
262.025 828
262.225 829
262.425 830
262.625 831
262.825 832
263.025 833
263.225 834
263.425 835
263.625 836
263.825 837
264.025 838
264.225 839
264.425 840
264.625 841
264.825 842
265.025 843
265.225 844
265.425 845
265.625 846
265.825 847
266.025 848
266.225 849
266.425 850
266.625 851
266.825 852
267.025 853
267.225 854
267.425 855
267.625 856
267.825 857
268.025 858
268.225 859
268.425 860
268.625 861
268.825 862
269.025 863
269.225 864
269.425 865
269.625 866
269.825 867
270.025 868
270.225 869
270.425 870
270.625 871
270.825 872
271.025 873
271.225 874
271.425 875
271.625 876
271.825 877
272.025 878
272.225 879
272.425 880
272.625 881
272.825 882
273.025 883
273.225 884
273.425 885
273.625 886
273.825 887
274.025 888
274.225 889
274.425 890
274.625 891
274.825 892
275.025 893
275.225 894
275.425 895
275.625 896
275.825 897
276.025 898
276.225 899
276.425 900
276.625 901
276.825 902
277.025 903
277.225 904
277.425 905
277.625 906
277.825 907
278.025 908
278.225 909
278.425 910
278.625 911
278.825 912
279.025 913
279.225 914
279.425 915
279.625 916
279.825 917
280.025 918
280.225 919
280.425 920
280.625 921
280.825 922
281.025 923
281.225 924
281.425 925
281.625 926
281.825 927
282.025 928
282.225 929
282.425 930
282.625 931
282.825 932
283.025 933
283.225 934
283.425 935
283.625 936
283.825 937
284.025 938
284.225 939
284.425 940
284.625 941
284.825 942
285.025 943
285.225 944
285.425 945
285.625 946
285.825 947
286.025 948
286.225 949
286.425 950
286.625 951
286.825 952
287.025 953
287.225 954
287.425 955
287.625 956
287.825 957
288.025 958
288.225 959
288.425 960
288.625 961
288.825 962
289.025 963
289.225 964
289.425 965
289.625 966
289.825 967
290.025 968
290.225 969
290.425 970
290.625 971
290.825 972
291.025 973
291.225 974
291.425 975
291.625 976
291.825 977
292.025 978
292.225 979
292.425 980
292.625 981
292.825 982
293.025 983
293.225 984
293.425 985
293.625 986
293.825 987
294.025 988
294.225 989
294.425 990
294.625 991
294.825 992
295.025 993
295.225 994
295.425 995
295.625 996
295.825 997
296.025 998
296.225 999
296.425 1000
296.625 1001
296.825 1002
297.025 1003
297.225 1004
297.425 1005
297.625 1006
297.825 1007
298.025 1008
298.225 1009
298.425 1010
298.625 1011
298.825 1012
299.025 1013
299.225 1014
299.425 1015
299.625 1016
299.825 1017
300.025 1018
300.225 1019
300.425 1020
300.625 1021
300.825 1022
301.025 1023
0.224013 -481
0.423968 -480
0.623964 -479
0.823982 -478
1.02397 -477
1.22397 -476
1.42397 -475
1.62398 -474
1.82399 -473
2.02398 -472
2.22397 -471
2.42396 -470
2.62397 -469
2.82401 -468
3.02399 -467
3.22397 -466
3.42398 -465
3.62398 -464
3.82398 -463
4.02399 -462
4.22398 -461
4.42397 -460
4.62397 -459
4.82398 -458
5.02399 -457
5.22398 -456
5.42397 -455
5.62397 -454
5.82398 -453
6.02398 -452
6.22398 -451
6.42398 -450
6.62398 -449
6.82398 -448
7.02398 -447
7.22398 -446
7.42398 -445
7.62398 -444
7.82398 -443
8.024 -442
8.22398 -441
8.42398 -440
8.62399 -439
8.82398 -438
9.02398 -437
9.22398 -436
9.42398 -435
9.62398 -434
9.82398 -433
10.024 -432
10.224 -431
10.4241 -430
10.624 -429
10.824 -428
11.024 -427
11.224 -426
11.424 -425
11.624 -424
11.824 -423
12.024 -422
12.224 -421
12.424 -420
12.624 -419
12.824 -418
13.024 -417
13.224 -416
13.424 -415
13.624 -414
13.824 -413
14.024 -412
14.224 -411
14.424 -410
14.624 -409
14.824 -408
15.024 -407
15.224 -406
15.424 -405
15.624 -404
15.824 -403
16.024 -402
16.224 -401
16.424 -400
16.624 -399
16.824 -398
17.024 -397
17.224 -396
17.424 -395
17.624 -394
17.824 -393
18.024 -392
18.224 -391
18.424 -390
18.624 -389
18.824 -388
19.024 -387
19.224 -386
19.424 -385
19.624 -384
19.824 -383
20.024 -382
20.224 -381
20.424 -380
20.624 -379
20.824 -378
21.024 -377
21.224 -376
21.424 -375
21.624 -374
21.824 -373
22.024 -372
22.224 -371
22.424 -370
22.624 -369
22.824 -368
23.024 -367
23.224 -366
23.424 -365
23.624 -364
23.824 -363
24.024 -362
24.224 -361
24.424 -360
24.624 -359
24.824 -358
25.024 -357
25.224 -356
25.424 -355
25.624 -354
25.824 -353
26.024 -352
26.224 -351
26.424 -350
26.624 -349
26.824 -348
27.024 -347
27.224 -346
27.424 -345
27.624 -344
27.824 -343
28.024 -342
28.224 -341
28.424 -340
28.624 -339
28.824 -338
29.024 -337
29.224 -336
29.424 -335
29.624 -334
29.824 -333
30.024 -332
30.224 -331
30.424 -330
30.624 -329
30.824 -328
31.024 -327
31.224 -326
31.424 -325
31.624 -324
31.824 -323
32.024 -322
32.224 -321
32.424 -320
32.624 -319
32.824 -318
33.0241 -317
33.224 -316
33.424 -315
33.624 -314
33.824 -313
34.024 -312
34.224 -311
34.424 -310
34.624 -309
34.824 -308
35.024 -307
35.224 -306
35.424 -305
35.624 -304
35.824 -303
36.024 -302
36.224 -301
36.424 -300
36.624 -299
36.824 -298
37.024 -297
37.224 -296
37.424 -295
37.624 -294
37.824 -293
38.024 -292
38.224 -291
38.424 -290
38.624 -289
38.824 -288
39.024 -287
39.224 -286
39.424 -285
39.624 -284
39.824 -283
40.024 -282
40.224 -281
40.424 -280
40.624 -279
40.824 -278
41.024 -277
41.224 -276
41.424 -275
41.624 -274
41.824 -273
42.024 -272
42.224 -271
42.424 -270
42.624 -269
42.824 -268
43.024 -267
43.224 -266
43.424 -265
43.624 -264
43.824 -263
44.024 -262
44.224 -261
44.424 -260
44.624 -259
44.824 -258
45.024 -257
45.224 -256
45.424 -255
45.624 -254
45.824 -253
46.024 -252
46.224 -251
46.424 -250
46.624 -249
46.824 -248
47.024 -247
47.224 -246
47.424 -245
47.624 -244
47.824 -243
48.024 -242
48.224 -241
48.424 -240
48.624 -239
48.824 -238
49.024 -237
49.224 -236
49.424 -235
49.624 -234
49.824 -233
50.024 -232
50.224 -231
50.424 -230
50.624 -229
50.824 -228
51.024 -227
51.224 -226
51.424 -225
51.624 -224
51.824 -223
52.024 -222
52.224 -221
52.424 -220
52.624 -219
52.824 -218
53.024 -217
53.224 -216
53.424 -215
53.624 -214
53.824 -213
54.024 -212
54.224 -211
54.424 -210
54.624 -209
54.824 -208
55.024 -207
55.224 -206
55.424 -205
55.624 -204
55.824 -203
56.024 -202
56.224 -201
56.424 -200
56.624 -199
56.824 -198
57.024 -197
57.224 -196
57.424 -195
57.624 -194
57.824 -193
58.024 -192
58.224 -191
58.424 -190
58.624 -189
58.824 -188
59.024 -187
59.224 -186
59.424 -185
59.624 -184
59.824 -183
60.024 -182
60.224 -181
60.424 -180
60.624 -179
60.824 -178
61.024 -177
61.224 -176
61.424 -175
61.624 -174
61.824 -173
62.024 -172
62.224 -171
62.424 -170
62.624 -169
62.824 -168
63.024 -167
63.224 -166
63.424 -165
63.624 -164
63.824 -163
64.024 -162
64.224 -161
64.424 -160
64.624 -159
64.824 -158
65.024 -157
65.224 -156
65.424 -155
65.624 -154
65.824 -153
66.024 -152
66.224 -151
66.424 -150
66.624 -149
66.824 -148
67.024 -147
67.224 -146
67.424 -145
67.624 -144
67.824 -143
68.024 -142
68.224 -141
68.424 -140
68.624 -139
68.824 -138
69.024 -137
69.224 -136
69.424 -135
69.624 -134
69.824 -133
70.024 -132
70.224 -131
70.424 -130
70.624 -129
70.824 -128
71.024 -127
71.224 -126
71.424 -125
71.624 -124
71.824 -123
72.024 -122
72.224 -121
72.424 -120
72.624 -119
72.824 -118
73.024 -117
73.224 -116
73.424 -115
73.6247 -114
73.824 -113
74.024 -112
74.224 -111
74.424 -110
74.624 -109
74.824 -108
75.024 -107
75.224 -106
75.424 -105
75.6254 -104
75.824 -103
76.024 -102
76.224 -101
76.424 -100
76.624 -99
76.824 -98
77.024 -97
77.224 -96
77.424 -95
77.624 -94
77.824 -93
78.024 -92
78.224 -91
78.424 -90
78.624 -89
78.824 -88
79.024 -87
79.224 -86
79.424 -85
79.624 -84
79.824 -83
80.024 -82
80.224 -81
80.424 -80
80.624 -79
80.824 -78
81.024 -77
81.224 -76
81.424 -75
81.624 -74
81.824 -73
82.024 -72
82.224 -71
82.424 -70
82.624 -69
82.824 -68
83.024 -67
83.224 -66
83.424 -65
83.624 -64
83.824 -63
84.024 -62
84.224 -61
84.424 -60
84.624 -59
84.824 -58
85.024 -57
85.224 -56
85.424 -55
85.624 -54
85.824 -53
86.024 -52
86.224 -51
86.424 -50
86.624 -49
86.824 -48
87.024 -47
87.224 -46
87.424 -45
87.624 -44
87.824 -43
88.024 -42
88.224 -41
88.424 -40
88.624 -39
88.824 -38
89.024 -37
89.224 -36
89.424 -35
89.624 -34
89.824 -33
90.024 -32
90.224 -31
90.424 -30
90.624 -29
90.8241 -28
91.024 -27
91.224 -26
91.424 -25
91.624 -24
91.824 -23
92.024 -22
92.224 -21
92.424 -20
92.624 -19
92.824 -18
93.024 -17
93.224 -16
93.424 -15
93.624 -14
93.8242 -13
94.024 -12
94.224 -11
94.424 -10
94.624 -9
94.824 -8
95.024 -7
95.224 -6
95.424 -5
95.624 -4
95.824 -3
96.024 -2
96.224 -1
96.424 0
96.624 1
96.824 2
97.024 3
97.224 4
97.424 5
97.624 6
97.824 7
98.024 8
98.224 9
98.424 10
98.624 11
98.824 12
99.024 13
99.224 14
99.424 15
99.624 16
99.824 17
100.024 18
100.224 19
100.424 20
100.624 21
100.824 22
101.024 23
101.224 24
101.424 25
101.624 26
101.824 27
102.024 28
102.224 29
102.424 30
102.624 31
102.824 32
103.024 33
103.224 34
103.424 35
103.624 36
103.824 37
104.024 38
104.224 39
104.424 40
104.624 41
104.824 42
105.024 43
105.224 44
105.424 45
105.624 46
105.824 47
106.024 48
106.224 49
106.424 50
106.624 51
106.824 52
107.024 53
107.224 54
107.424 55
107.624 56
107.824 57
108.024 58
108.224 59
108.424 60
108.624 61
108.824 62
109.024 63
109.224 64
109.424 65
109.624 66
109.824 67
110.024 68
110.224 69
110.424 70
110.624 71
110.824 72
111.024 73
111.224 74
111.424 75
111.624 76
111.824 77
112.024 78
112.224 79
112.424 80
112.624 81
112.824 82
113.024 83
113.224 84
113.424 85
113.624 86
113.824 87
114.024 88
114.224 89
114.424 90
114.624 91
114.824 92
115.024 93
115.224 94
115.424 95
115.624 96
115.824 97
116.024 98
116.226 99
116.424 100
116.624 101
116.824 102
117.024 103
117.224 104
117.424 105
117.624 106
117.824 107
118.024 108
118.224 109
118.424 110
118.624 111
118.824 112
119.024 113
119.224 114
119.424 115
119.624 116
119.824 117
120.024 118
120.224 119
120.424 120
120.624 121
120.824 122
121.024 123
121.224 124
121.424 125
121.624 126
121.824 127
122.024 128
122.224 129
122.424 130
122.624 131
122.824 132
123.024 133
123.224 134
123.424 135
123.624 136
123.824 137
124.024 138
124.224 139
124.424 140
124.624 141
124.824 142
125.024 143
125.224 144
125.424 145
125.624 146
125.824 147
126.024 148
126.224 149
126.424 150
126.624 151
126.824 152
127.024 153
127.224 154
127.424 155
127.624 156
127.824 157
128.024 158
128.224 159
128.424 160
128.624 161
128.824 162
129.024 163
129.224 164
129.424 165
129.624 166
129.824 167
130.024 168
130.224 169
130.424 170
130.624 171
130.824 172
131.024 173
131.224 174
131.424 175
131.624 176
131.824 177
132.024 178
132.224 179
132.424 180
132.624 181
132.824 182
133.024 183
133.224 184
133.424 185
133.624 186
133.824 187
134.024 188
134.224 189
134.424 190
134.624 191
134.824 192
135.024 193
135.224 194
135.424 195
135.624 196
135.824 197
136.024 198
136.224 199
136.424 200
136.624 201
136.824 202
137.024 203
137.224 204
137.424 205
137.624 206
137.824 207
138.024 208
138.224 209
138.424 210
138.624 211
138.824 212
139.024 213
139.224 214
139.424 215
139.624 216
139.824 217
140.024 218
140.224 219
140.424 220
140.624 221
140.824 222
141.024 223
141.224 224
141.424 225
141.624 226
141.824 227
142.024 228
142.224 229
142.424 230
142.624 231
142.824 232
143.024 233
143.224 234
143.424 235
143.624 236
143.824 237
144.024 238
144.224 239
144.424 240
144.624 241
144.824 242
145.024 243
145.224 244
145.424 245
145.624 246
145.824 247
146.024 248
146.224 249
146.424 250
146.624 251
146.824 252
147.024 253
147.224 254
147.424 255
147.624 256
147.824 257
148.024 258
148.224 259
148.424 260
148.624 261
148.824 262
149.024 263
149.224 264
149.424 265
149.624 266
149.824 267
150.024 268
150.224 269
150.424 270
150.624 271
150.824 272
151.024 273
151.224 274
151.424 275
151.624 276
151.824 277
152.024 278
152.224 279
152.424 280
152.624 281
152.824 282
153.024 283
153.224 284
153.424 285
153.624 286
153.824 287
154.024 288
154.224 289
154.424 290
154.624 291
154.826 292
155.024 293
155.224 294
155.424 295
155.624 296
155.824 297
156.024 298
156.224 299
156.424 300
156.624 301
156.824 302
157.024 303
157.224 304
157.424 305
157.624 306
157.824 307
158.024 308
158.224 309
158.424 310
158.624 311
158.824 312
159.024 313
159.224 314
159.424 315
159.624 316
159.824 317
160.024 318
160.224 319
160.424 320
160.624 321
160.824 322
161.024 323
161.224 324
161.424 325
161.624 326
161.824 327
162.024 328
162.224 329
162.424 330
162.624 331
162.824 332
163.024 333
163.224 334
163.424 335
163.624 336
163.824 337
164.024 338
164.224 339
164.424 340
164.624 341
164.824 342
165.024 343
165.224 344
165.424 345
165.624 346
165.824 347
166.024 348
166.224 349
166.424 350
166.624 351
166.824 352
167.024 353
167.224 354
167.424 355
167.624 356
167.824 357
168.024 358
168.224 359
168.424 360
168.624 361
168.824 362
169.024 363
169.224 364
169.424 365
169.624 366
169.824 367
170.024 368
170.224 369
170.424 370
170.624 371
170.824 372
171.024 373
171.224 374
171.424 375
171.624 376
171.824 377
172.024 378
172.224 379
172.424 380
172.624 381
172.824 382
173.024 383
173.224 384
173.424 385
173.624 386
173.824 387
174.024 388
174.224 389
174.424 390
174.624 391
174.824 392
175.024 393
175.224 394
175.424 395
175.624 396
175.824 397
176.024 398
176.224 399
176.424 400
176.624 401
176.824 402
177.024 403
177.224 404
177.424 405
177.624 406
177.824 407
178.024 408
178.224 409
178.424 410
178.624 411
178.824 412
179.024 413
179.224 414
179.424 415
179.624 416
179.824 417
180.024 418
180.224 419
180.424 420
180.624 421
180.824 422
181.024 423
181.224 424
181.424 425
181.624 426
181.824 427
182.024 428
182.224 429
182.424 430
182.624 431
182.824 432
183.024 433
183.224 434
183.424 435
183.624 436
183.824 437
184.024 438
184.224 439
184.424 440
184.624 441
184.824 442
185.024 443
185.224 444
185.424 445
185.624 446
185.824 447
186.024 448
186.224 449
186.424 450
186.624 451
186.824 452
187.024 453
187.224 454
187.424 455
187.624 456
187.824 457
188.024 458
188.224 459
188.424 460
188.624 461
188.824 462
189.024 463
189.224 464
189.424 465
189.624 466
189.824 467
190.024 468
190.224 469
190.424 470
190.624 471
190.824 472
191.024 473
191.224 474
191.424 475
191.624 476
191.824 477
192.024 478
192.224 479
192.424 480
192.624 481
192.824 482
193.024 483
193.224 484
193.424 485
193.624 486
193.824 487
194.024 488
194.224 489
194.424 490
194.624 491
194.824 492
195.024 493
195.224 494
195.424 495
195.624 496
195.824 497
196.024 498
196.224 499
196.424 500
196.624 501
196.824 502
197.024 503
